201 
1 0.703699 199.164 0.196189 13.0278 0.11072 224.375 0.0672905 273.747 0.0594273 65.3391 0.0800154 88.5303 0.00993159 352.323 0.0223979 67.7436 0.0106949 135.712 0.00840768 234.024 0.0198039 301.709 0.00973655 310.335 0.0105434 120.702 0.0112523 245.839 0.000551504 300.285  
2 0.707552 199.005 0.197331 12.9327 0.111279 224.187 0.0677697 273.632 0.0595196 65.2525 0.0801367 88.4703 0.00993883 352.216 0.0224383 67.6838 0.0106965 135.695 0.00839788 234.129 0.0201186 301.597 0.00975568 310.526 0.0107061 120.842 0.0113255 246.122 0.000549013 297.124  
3 0.710992 198.957 0.198308 12.9379 0.111796 224.111 0.0681801 273.633 0.0595954 65.2162 0.080244 88.4673 0.00994478 352.176 0.022474 67.6779 0.0106974 135.685 0.00838956 234.215 0.0204262 301.655 0.00977349 310.768 0.0108582 121.096 0.0113815 246.439 0.000554603 294.35  
4 0.714702 198.882 0.199373 12.9211 0.112349 224.006 0.0686279 273.608 0.0596786 65.1667 0.0803595 88.4513 0.00995123 352.119 0.0225125 67.6581 0.0106985 135.673 0.00838054 234.31 0.0207511 301.683 0.00979225 311.013 0.0110208 121.338 0.0114447 246.763 0.000560327 291.408  
5 0.718507 198.79 0.200473 12.8888 0.112913 223.883 0.0690909 273.565 0.0597647 65.1091 0.0804779 88.4253 0.00995778 352.051 0.022552 67.6313 0.0106998 135.659 0.00837127 234.409 0.0210798 301.689 0.00981129 311.253 0.0111864 121.563 0.0115119 247.079 0.000566492 288.441  
6 0.728652 198.713 0.203295 12.9759 0.114459 223.722 0.0702977 273.652 0.0599737 65.0258 0.0807798 88.4513 0.00997136 351.963 0.0226538 67.6417 0.0107023 135.633 0.00834664 234.669 0.0219474 302.13 0.00982496 312.089 0.0115995 122.567 0.0116718 248.109 0.00060086 281.106  
7 0.731628 198.747 0.204089 13.0589 0.114925 223.73 0.0706426 273.744 0.0600288 65.0259 0.080865 88.4903 0.00997414 351.97 0.0226828 67.6738 0.0107028 135.629 0.0083395 234.743 0.0222055 302.383 0.00982025 312.397 0.0117157 122.978 0.0117127 248.468 0.000616412 279.211  
8 0.734912 198.739 0.204991 13.1044 0.115432 223.693 0.0710328 273.792 0.0600932 65.0056 0.08096 88.5073 0.00997771 351.95 0.0227151 67.6849 0.0107035 135.621 0.00833153 234.828 0.0224814 302.576 0.0098177 312.697 0.0118442 123.353 0.0117638 248.821 0.000631138 277.129  
9 0.725245 198.773 0.202335 12.9791 0.113946 223.81 0.069885 273.659 0.059902 65.0697 0.0806794 88.4613 0.0099669 352.015 0.0226198 67.6555 0.0107013 135.644 0.0083551 234.578 0.0216722 302.023 0.00982467 311.828 0.0114676 122.26 0.0116143 247.783 0.00059073 283.555  
10 0.721309 198.854 0.20122 12.9941 0.113355 223.924 0.0694072 273.681 0.059818 65.1254 0.080563 88.4793 0.00996164 352.082 0.0225804 67.6783 0.0107 135.657 0.00836496 234.471 0.0213565 301.921 0.00982345 311.54 0.0113158 121.923 0.0115474 247.416 0.000581109 286.498  
11 0.75283 198.964 0.209778 13.6227 0.11825 223.761 0.0731254 274.358 0.0604156 65.0202 0.0814681 88.7584 0.00999298 352.015 0.0228879 67.8916 0.0107064 135.598 0.00828932 235.273 0.0240554 304.084 0.00978896 314.635 0.0125626 125.799 0.0120237 250.972 0.00074062 268.156  
12 0.750322 198.873 0.209137 13.4908 0.117842 223.692 0.0728418 274.212 0.0603763 64.9906 0.0813988 88.6884 0.00999169 351.968 0.0228643 67.8305 0.0107063 135.597 0.00829502 235.215 0.0238202 303.772 0.00979603 314.302 0.012459 125.366 0.0119926 250.619 0.000720513 269.084  
13 0.747302 198.861 0.208315 13.4295 0.117373 223.707 0.0724832 274.147 0.0603201 64.9996 0.0813127 88.6614 0.00998892 351.973 0.0228351 67.8094 0.0107057 135.603 0.00830215 235.138 0.0235599 303.567 0.00979942 313.996 0.0123376 124.999 0.011945 250.283 0.000703007 270.535  
14 0.741197 198.772 0.206691 13.2406 0.11641 223.671 0.0717725 273.94 0.0602114 64.9891 0.08114 88.5694 0.00998386 351.943 0.0227763 67.7332 0.0107048 135.61 0.00831649 234.988 0.0230211 303.03 0.00980997 313.324 0.0120926 124.145 0.0118577 249.539 0.00066463 273.534  
15 0.744391 198.802 0.207549 13.3231 0.11691 223.673 0.0721469 274.03 0.0602699 64.9871 0.0812309 88.6084 0.00998673 351.948 0.0228072 67.7643 0.0107053 135.605 0.00830893 235.068 0.023299 303.283 0.00980536 313.659 0.01222 124.567 0.0119048 249.914 0.000683403 271.881  
16 0.738162 198.751 0.205871 13.1703 0.115936 223.677 0.0714156 273.864 0.0601548 64.9949 0.0810533 88.5374 0.00998098 351.944 0.0227468 67.707 0.0107042 135.615 0.00832373 234.911 0.0227592 302.803 0.00981393 313.016 0.0119722 123.756 0.0118126 249.189 0.000647851 275.213  
17 0.766565 199.323 0.213454 14.2017 0.120435 223.995 0.074737 274.968 0.0606369 65.1297 0.0818587 89.0674 0.0100038 352.215 0.0230168 68.155 0.0107059 135.597 0.00825886 235.58 0.0254985 305.214 0.00981092 316.303 0.0132513 127.551 0.0122354 252.685 0.000843338 263.602  
18 0.76408 199.221 0.212804 14.0607 0.120033 223.916 0.0744503 274.818 0.0606006 65.0924 0.0817887 88.9894 0.0100022 352.154 0.0229938 68.0879 0.0107063 135.594 0.0082642 235.528 0.0252228 304.958 0.00980696 315.963 0.0131213 127.191 0.0121995 252.345 0.000822198 264.232  
19 0.761326 199.141 0.212065 13.9366 0.119594 223.861 0.0741264 274.689 0.0605574 65.066 0.0817101 88.9224 0.01 352.107 0.0229681 68.0298 0.0107065 135.594 0.00827022 235.469 0.0249187 304.739 0.00979923 315.622 0.0129743 126.853 0.0121562 252.002 0.000800962 265.06  
20 0.758679 199.073 0.211348 13.8261 0.119174 223.817 0.0738137 274.574 0.0605149 65.0448 0.0816342 88.8624 0.00999784 352.067 0.0229434 67.9798 0.0107067 135.594 0.00827604 235.411 0.0246274 304.545 0.00979122 315.306 0.0128329 126.544 0.0121139 251.679 0.000781251 265.923  
21 0.755795 199.01 0.210567 13.7173 0.118718 223.781 0.0734725 274.461 0.0604672 65.0275 0.0815514 88.8054 0.00999526 352.033 0.0229162 67.9307 0.0107068 135.595 0.00828246 235.346 0.0243201 304.342 0.00978396 314.972 0.0126841 126.21 0.0120678 251.333 0.000760658 266.954  
22 0.769265 199.38 0.214193 14.3021 0.120862 224.028 0.0750599 275.07 0.0606806 65.1465 0.0819364 89.1214 0.0100062 352.248 0.023042 68.2001 0.0107058 135.596 0.00825297 235.64 0.0257978 305.384 0.00982157 316.62 0.013399 127.836 0.0122816 252.998 0.000863021 262.811  
23 0.771301 199.51 0.214697 14.4644 0.121203 224.139 0.0752857 275.247 0.0607059 65.1988 0.0819921 89.2114 0.0100067 352.328 0.0230605 68.2801 0.0107053 135.601 0.00824871 235.679 0.0260259 305.683 0.00982016 316.951 0.0135015 128.217 0.0123057 253.321 0.000883436 262.474  
24 0.773881 199.604 0.215381 14.5989 0.121617 224.209 0.0755871 275.388 0.060744 65.2328 0.082065 89.2854 0.0100085 352.384 0.0230842 68.3442 0.010705 135.603 0.0082432 235.734 0.0263142 305.918 0.00982656 317.297 0.0136397 128.559 0.0123457 253.657 0.00090483 261.882  
25 0.776371 199.722 0.216025 14.756 0.122025 224.303 0.0758728 275.556 0.0607782 65.2785 0.0821345 89.3724 0.0100096 352.457 0.0231069 68.4212 0.0107046 135.607 0.00823796 235.785 0.0265939 306.197 0.00983015 317.662 0.0137709 128.938 0.0123815 254.007 0.000927284 261.412  
26 0.778619 199.849 0.216594 14.9188 0.122398 224.41 0.0761265 275.731 0.060807 65.3297 0.0821966 89.4634 0.0100104 352.535 0.0231274 68.5012 0.0107042 135.611 0.00823329 235.829 0.0268474 306.487 0.00983137 318.015 0.0138876 129.317 0.0124113 254.344 0.00094889 261.065  
27 0.781196 199.931 0.217287 15.0414 0.12281 224.468 0.0764315 275.858 0.0608456 65.3592 0.0822697 89.5314 0.0100123 352.586 0.023151 68.5593 0.0107039 135.612 0.00822783 235.884 0.0271373 306.694 0.00984014 318.354 0.0140289 129.629 0.0124541 254.665 0.000969695 260.52  
28 0.785302 200.231 0.218286 15.4049 0.123506 224.728 0.0768821 276.254 0.0608915 65.4849 0.082381 89.7364 0.0100127 352.773 0.0231879 68.7424 0.0107029 135.625 0.00821955 235.96 0.0276047 307.337 0.00983656 319.076 0.0142374 130.429 0.0125019 255.344 0.00101343 260.143  
29 0.782983 200.089 0.217704 15.2268 0.123118 224.608 0.0766217 276.062 0.0608633 65.4263 0.0823173 89.6364 0.0100121 352.684 0.0231669 68.6533 0.0107034 135.619 0.00822428 235.916 0.027341 307.027 0.00983542 318.696 0.0141165 130.029 0.0124714 254.989 0.000990418 260.421  
30 0.78767 200.334 0.218906 15.5455 0.123891 224.81 0.0771574 276.402 0.0609239 65.5258 0.0824473 89.8154 0.010014 352.838 0.0232094 68.8114 0.0107026 135.628 0.00821465 236.009 0.0278736 307.574 0.00984249 319.421 0.0143659 130.758 0.0125388 255.663 0.00103437 259.768  
31 0.789075 200.514 0.219186 15.7522 0.12415 224.973 0.0772997 276.633 0.0609293 65.6036 0.0824797 89.9334 0.0100117 352.949 0.0232209 68.9164 0.0107019 135.637 0.00821153 236.036 0.0280011 307.962 0.00981083 319.785 0.0144066 131.22 0.0125463 256.013 0.00105441 259.803  
32 0.791006 200.661 0.219634 15.9365 0.124484 225.1 0.0775162 276.834 0.060946 65.6649 0.0825275 90.0384 0.0100102 353.04 0.0232374 69.0084 0.0107014 135.644 0.0082071 236.08 0.02818 308.306 0.00978199 320.178 0.0144774 131.665 0.0125698 256.385 0.00107575 259.614  
33 0.792801 200.835 0.220026 16.1456 0.124803 225.253 0.0777103 277.065 0.0609576 65.7393 0.0825705 90.1574 0.0100082 353.149 0.0232525 69.1135 0.0107007 135.652 0.00820302 236.118 0.0283428 308.696 0.00974824 320.59 0.0145366 132.151 0.0125872 256.773 0.00109791 259.533  
34 0.794345 201.015 0.220344 16.3565 0.125086 225.416 0.0778714 277.299 0.0609643 65.8178 0.0826063 90.2774 0.0100059 353.261 0.0232652 69.2205 0.0107 135.662 0.00819956 236.15 0.0284797 309.088 0.00971365 320.985 0.014582 132.628 0.0125986 257.142 0.00111888 259.539  
35 0.79625 201.152 0.220793 16.5289 0.125413 225.532 0.0780878 277.486 0.0609813 65.8749 0.0826542 90.3754 0.0100046 353.346 0.0232816 69.3065 0.0106995 135.668 0.00819525 236.193 0.0286588 309.404 0.00968802 321.372 0.0146552 133.044 0.012624 257.496 0.00113935 259.355  
36 0.797383 201.353 0.22098 16.754 0.125637 225.719 0.0781924 277.739 0.060979 65.9651 0.0826778 90.5054 0.0100016 353.474 0.0232904 69.4225 0.0106988 135.679 0.00819279 236.213 0.0287525 309.82 0.00964975 321.749 0.014676 133.528 0.0126241 257.847 0.00115907 259.521  
37 0.699994 199.278 0.195108 13.0827 0.110176 224.519 0.0668376 273.815 0.0593408 65.4057 0.0798988 88.5663 0.00992485 352.404 0.0223589 67.7814 0.0106937 135.727 0.00841701 233.925 0.0194901 301.76 0.0097177 310.123 0.0103842 120.515 0.0111864 245.537 0.000552684 303.316  
38 0.688743 199.697 0.191796 13.3166 0.108538 225.026 0.0654527 274.102 0.0590722 65.6372 0.0795419 88.7113 0.00990368 352.687 0.0222396 67.9298 0.0106894 135.775 0.00844592 233.622 0.0185542 302.067 0.00965973 309.535 0.00990463 120.046 0.0109819 244.646 0.000569507 312.276  
39 0.692608 199.532 0.192943 13.216 0.109096 224.831 0.0659319 273.98 0.0591661 65.5487 0.079665 88.6513 0.00991109 352.577 0.0222808 67.869 0.010691 135.757 0.00843584 233.728 0.0188704 301.919 0.00967962 309.721 0.0100681 120.177 0.0110539 244.941 0.00056091 309.274  
40 0.696378 199.349 0.194073 13.0958 0.109637 224.618 0.0664044 273.836 0.0592589 65.4522 0.0797848 88.5793 0.0099184 352.456 0.0223208 67.7982 0.0106926 135.738 0.00842597 233.833 0.019172 301.743 0.00969875 309.886 0.0102258 120.274 0.0111272 245.208 0.000552322 306.294  
41 0.684988 199.834 0.190694 13.3914 0.107991 225.193 0.0649925 274.194 0.0589823 65.7126 0.0794221 88.7572 0.00989654 352.779 0.0221995 67.9766 0.0106881 135.79 0.00845566 233.521 0.0182402 302.178 0.00963994 309.338 0.00974413 119.886 0.0109151 244.341 0.000577598 315.152  
42 0.681216 200.132 0.18951 13.6204 0.107472 225.518 0.0644986 274.465 0.0588819 65.8568 0.0793004 88.8862 0.00988871 352.965 0.0221588 68.1014 0.0106859 135.816 0.00846622 233.406 0.0179661 302.571 0.00962099 309.253 0.00959184 119.95 0.0108305 244.136 0.000597337 317.656  
43 0.673877 200.486 0.187313 13.8493 0.106421 225.928 0.0635844 274.741 0.0586999 66.0395 0.0790639 89.0162 0.00987432 353.191 0.0220794 68.232 0.0106829 135.851 0.00848593 233.201 0.0173713 302.976 0.00958178 308.926 0.00928111 119.764 0.0106925 243.574 0.000624111 322.626  
44 0.677543 200.229 0.188449 13.6577 0.106931 225.644 0.064057 274.513 0.0587958 65.9141 0.0791826 88.9102 0.00988181 353.031 0.0221192 68.1282 0.0106848 135.829 0.00847569 233.31 0.017648 302.631 0.00960092 309.033 0.00943208 119.744 0.0107703 243.803 0.000605143 320.361  
45 0.670159 200.729 0.186171 14.0254 0.1059 226.198 0.0631095 274.952 0.0586036 66.1583 0.0789432 89.1142 0.00986681 353.341 0.0220389 68.3277 0.010681 135.873 0.0084963 233.092 0.017085 303.305 0.00956199 308.803 0.00912635 119.759 0.0106162 243.323 0.000642969 324.847  
46 0.66637 201.012 0.18499 14.239 0.105376 226.509 0.0626186 275.207 0.0585034 66.2937 0.0788197 89.2302 0.00985906 353.513 0.0219974 68.4415 0.010679 135.896 0.0085071 232.978 0.0168009 303.713 0.00954173 308.7 0.00896962 119.805 0.0105347 243.084 0.000665091 326.911  
47 0.6628 201.313 0.18386 14.4736 0.104891 226.836 0.0621492 275.488 0.0584068 66.4355 0.0787028 89.3562 0.0098517 353.695 0.0219581 68.5643 0.010677 135.921 0.00851752 232.868 0.0165407 304.168 0.00952278 308.624 0.00882272 119.898 0.0104543 242.874 0.000688573 328.665  
48 0.659408 201.563 0.182804 14.6609 0.104421 227.11 0.0617114 275.713 0.0583171 66.554 0.0785917 89.4562 0.00984483 353.845 0.0219207 68.662 0.0106752 135.942 0.0085273 232.766 0.0162834 304.548 0.00950421 308.526 0.00868078 119.937 0.0103825 242.648 0.000709152 330.335  
49 0.656146 201.893 0.181745 14.927 0.103987 227.462 0.0612717 276.031 0.0582256 66.7052 0.078484 89.5972 0.00983807 354.039 0.0218843 68.7978 0.0106731 135.967 0.00853722 232.66 0.0160564 305.079 0.00948678 308.487 0.00854715 120.097 0.0103031 242.477 0.000734474 331.644  
50 0.65266 202.199 0.180635 15.1659 0.103514 227.792 0.0608122 276.318 0.0581307 66.8461 0.0783688 89.7222 0.00983098 354.219 0.0218455 68.9196 0.0106711 135.991 0.00854766 232.552 0.0158015 305.578 0.00946755 308.412 0.00840152 120.206 0.0102243 242.261 0.000759125 333.086  
51 0.649863 202.582 0.179675 15.4894 0.103161 228.192 0.0604142 276.705 0.0580468 67.016 0.0782756 89.8902 0.0098252 354.439 0.021814 69.0813 0.0106688 136.019 0.00855681 232.452 0.0156277 306.222 0.00945303 308.433 0.00828864 120.476 0.0101447 242.161 0.000786788 333.86  
52 0.646561 202.909 0.178657 15.7545 0.102711 228.539 0.0599935 277.005 0.0579496 67.1624 0.0781738 90.0331 0.00981838 354.648 0.0217771 69.2141 0.0106657 136.045 0.00856728 232.336 0.0155136 306.468 0.00946246 308.408 0.00823027 120.425 0.0100801 241.962 0.000811658 334.957  
53 0.642934 203.214 0.177575 15.9936 0.102205 228.866 0.059547 277.271 0.0578448 67.2996 0.0780632 90.1621 0.00981097 354.848 0.0217367 69.3338 0.0106623 136.072 0.00857862 232.212 0.0153964 306.586 0.00947735 308.349 0.00817849 120.254 0.0100187 241.706 0.000836022 336.223  
54 0.640149 203.571 0.176695 16.295 0.101838 229.237 0.0591826 277.61 0.0577567 67.4546 0.0779798 90.3231 0.00980531 355.074 0.0217056 69.4826 0.010659 136.1 0.00858811 232.104 0.0153603 306.801 0.00949667 308.38 0.0081608 120.22 0.00996024 241.569 0.000861255 336.86  
55 0.637125 203.936 0.175748 16.5992 0.101434 229.618 0.0587906 277.953 0.0576626 67.6125 0.0778888 90.4841 0.00979929 355.304 0.0216715 69.6314 0.0106555 136.129 0.00859835 231.988 0.0153075 307.003 0.00951618 308.394 0.00813615 120.153 0.00989918 241.402 0.000887467 337.586  
56 0.634006 204.288 0.174781 16.8893 0.101014 229.986 0.0583906 278.28 0.0575672 67.7645 0.0777945 90.6361 0.0097932 355.525 0.0216365 69.7731 0.010652 136.157 0.00860882 231.872 0.0152394 307.182 0.00953456 308.39 0.00810515 120.056 0.00983871 241.208 0.000913302 338.365  
57 0.632044 204.671 0.174106 17.2258 0.100777 230.376 0.0581097 278.664 0.0574973 67.9249 0.0777376 90.8121 0.00978956 355.758 0.0216143 69.9349 0.0106488 136.184 0.00861646 231.782 0.0152666 307.437 0.00955736 308.482 0.00811478 120.104 0.0097855 241.162 0.000937721 338.481  
58 0.616813 207.773 0.168788 19.9516 0.0989436 233.524 0.0558912 281.796 0.056953 69.1979 0.0773007 92.199 0.00976612 357.607 0.0214413 71.2172 0.0106231 136.401 0.00867842 231.062 0.0154599 309.139 0.00975802 309.124 0.00819173 120.091 0.00936169 240.64 0.00113245 339.37  
59 0.62254 206.214 0.170957 18.555 0.0995715 231.958 0.0568015 280.183 0.0571798 68.5683 0.0774573 91.4941 0.00977297 356.692 0.0215065 70.566 0.0106353 136.296 0.0086521 231.377 0.015236 308.295 0.00964897 308.697 0.00809611 119.991 0.00955823 240.716 0.00103986 339.737  
60 0.626863 205.443 0.17242 17.885 0.100109 231.171 0.05741 279.415 0.0573282 68.2495 0.0775837 91.1531 0.00978015 356.229 0.0215557 70.2504 0.0106419 136.241 0.00863532 231.569 0.0152248 307.867 0.00960175 308.568 0.00809361 120.024 0.00966798 240.901 0.000990007 339.312  
61 0.629575 205.027 0.173307 17.5297 0.100456 230.744 0.0577784 279.009 0.0574173 68.0756 0.0776641 90.9701 0.00978499 355.977 0.0215864 70.0807 0.0106456 136.211 0.00862535 231.681 0.0152432 307.637 0.00957772 308.518 0.00810314 120.064 0.00973049 241.036 0.000962098 338.904  
62 0.624751 205.834 0.1717 18.2262 0.099849 231.569 0.0571104 279.805 0.0572548 68.4113 0.0775221 91.3271 0.00977661 356.464 0.0215317 70.4112 0.0106386 136.269 0.00864359 231.473 0.0152377 308.092 0.00962579 308.641 0.00809785 120.022 0.00961298 240.82 0.0010151 339.489  
63 0.621435 206.592 0.170508 18.8984 0.0994635 232.335 0.0566121 280.579 0.0571314 68.7212 0.0774284 91.669 0.00977171 356.915 0.0214939 70.7278 0.0106324 136.321 0.00865764 231.307 0.0153145 308.528 0.00967564 308.827 0.00812922 120.066 0.00951295 240.741 0.0010616 339.501  
64 0.619813 206.971 0.16992 19.2345 0.0992756 232.718 0.0563661 280.967 0.0570707 68.8751 0.0773827 91.839 0.0097695 357.138 0.0214755 70.8846 0.0106294 136.347 0.00866464 231.225 0.0153527 308.73 0.00970118 308.916 0.00814522 120.073 0.00946324 240.698 0.00108471 339.507  
65 0.618129 207.387 0.169299 19.6045 0.0990838 233.137 0.0561064 281.394 0.0570065 69.043 0.077336 92.025 0.00976742 357.382 0.0214562 71.0564 0.0106261 136.376 0.00867211 231.137 0.0153995 308.944 0.00972993 309.017 0.00816537 120.076 0.00940952 240.655 0.00110979 339.484  
66 0.615637 208.177 0.168305 20.318 0.0988278 233.927 0.055687 282.222 0.0569017 69.3593 0.0772706 92.383 0.0097653 357.842 0.0214278 71.3861 0.01062 136.428 0.00868452 230.987 0.0155366 309.336 0.00978855 309.246 0.00822561 120.114 0.00931317 240.645 0.00115568 339.182  
67 0.614806 208.558 0.167922 20.6672 0.0987606 234.305 0.0555245 282.628 0.0568601 69.5103 0.0772515 92.558 0.00976523 358.062 0.0214185 71.5479 0.0106172 136.452 0.00868955 230.924 0.0156288 309.518 0.0098189 309.377 0.00826653 120.149 0.00926969 240.679 0.00117692 338.906  
68 0.613489 209.283 0.167261 21.3355 0.098672 235.022 0.0552416 283.408 0.0567875 69.7963 0.0772244 92.891 0.00976597 358.48 0.0214036 71.8546 0.0106119 136.498 0.0086985 230.808 0.0158202 309.839 0.00987931 309.634 0.00835258 120.206 0.00918887 240.765 0.00121688 338.322  
69 0.613645 208.942 0.16745 21.0138 0.0986428 234.688 0.055325 283.032 0.0568107 69.6625 0.0772218 92.73 0.00976461 358.284 0.0214052 71.7057 0.0106143 136.478 0.00869555 230.851 0.0156947 309.682 0.00984878 309.482 0.00829646 120.14 0.00922322 240.668 0.0011991 338.776  
70 0.613089 209.662 0.166991 21.6898 0.0986701 235.395 0.0551241 283.822 0.0567565 69.9453 0.0772203 93.068 0.00976713 358.698 0.0213991 72.0174 0.0106093 136.522 0.00870244 230.754 0.015941 309.996 0.00991305 309.784 0.00840728 120.244 0.00914871 240.841 0.00123727 337.926  
71 0.612481 210.031 0.166669 22.0298 0.0986341 235.758 0.0549859 284.22 0.0567212 70.0897 0.077209 93.237 0.00976791 358.909 0.0213924 72.1723 0.0106066 136.545 0.00870691 230.697 0.0160394 310.133 0.00994529 309.911 0.00845253 120.248 0.00910788 240.88 0.00125757 337.646  
72 0.611331 211.863 0.165475 23.7714 0.098747 237.55 0.0544846 286.281 0.0565757 70.7821 0.0771942 94.0769 0.00977107 359.916 0.0213744 72.9406 0.0105942 136.657 0.00872336 230.468 0.0165312 311.063 0.0100595 310.714 0.00865175 120.546 0.0089012 241.389 0.00135304 335.742  
73 0.613941 213.815 0.165179 25.6912 0.0994489 239.431 0.0543487 288.564 0.0565078 71.5083 0.0773101 95.0039 0.00978418 0.982146 0.0213993 73.782 0.0105819 136.771 0.0087312 230.308 0.017306 311.835 0.0102128 311.77 0.0089867 120.85 0.00870418 242.365 0.00145208 332.767  
74 0.612996 213.545 0.165069 25.4153 0.099262 239.175 0.054306 288.236 0.0565043 71.4083 0.0772746 94.8689 0.00978118 0.834046 0.0213891 73.6601 0.0105835 136.756 0.0087317 230.317 0.0171581 311.728 0.0101892 311.585 0.00892256 120.772 0.00872787 242.152 0.00143876 333.356  
75 0.612865 213.205 0.165206 25.0869 0.0991899 238.845 0.0543646 287.845 0.0565232 71.2818 0.0772645 94.7119 0.00977927 0.648848 0.0213884 73.5172 0.0105857 136.736 0.00872935 230.353 0.0170473 311.625 0.0101611 311.431 0.00887279 120.776 0.00876434 242.034 0.00142086 333.733  
76 0.61224 212.891 0.165201 24.774 0.0990459 238.544 0.054365 287.473 0.0565296 71.1651 0.077239 94.5609 0.00977676 0.477049 0.0213821 73.3803 0.0105876 136.717 0.00872865 230.374 0.0169083 311.499 0.0101358 311.247 0.00881271 120.713 0.00879476 241.849 0.00140512 334.278  
77 0.611838 212.547 0.165268 24.4368 0.098931 238.212 0.0543949 287.072 0.0565429 71.0372 0.0772206 94.3979 0.00977458 0.28935 0.0213784 73.2324 0.0105898 136.697 0.00872712 230.404 0.0167757 311.361 0.0101092 311.064 0.00875556 120.66 0.00882979 241.685 0.00138769 334.788  
78 0.611555 212.217 0.165358 24.1155 0.0988366 237.893 0.0544342 286.69 0.0565578 70.9143 0.0772065 94.2429 0.00977277 0.109451 0.021376 73.0915 0.0105919 136.678 0.0087254 230.434 0.0166554 311.222 0.0100848 310.894 0.00870419 120.608 0.00886396 241.539 0.00137099 335.254  
79 0.611316 211.51 0.165644 23.4323 0.0986886 237.207 0.0545566 285.879 0.0565982 70.6498 0.0771889 93.914 0.00976984 359.723 0.0213751 72.7917 0.0105965 136.636 0.00872078 230.507 0.0164216 310.9 0.0100355 310.548 0.00860589 120.493 0.00893955 241.267 0.00133493 336.166  
80 0.610963 211.186 0.165713 23.1139 0.0985835 236.894 0.0545865 285.501 0.0566115 70.5284 0.0771736 93.759 0.00976824 359.545 0.021372 72.6508 0.0105986 136.617 0.00871941 230.534 0.0162961 310.723 0.0100143 310.365 0.00855454 120.392 0.00897261 241.102 0.00131904 336.7  
81 0.611736 210.8 0.166101 22.757 0.0986419 236.513 0.0547485 285.079 0.056654 70.3819 0.0771936 93.589 0.00976843 359.333 0.0213818 72.494 0.0106013 136.593 0.00871443 230.595 0.0162301 310.554 0.00999005 310.238 0.00852752 120.392 0.00901949 241.072 0.00129792 336.897  
82 0.611924 210.448 0.166322 22.4215 0.0986146 236.169 0.054841 284.682 0.0566812 70.2486 0.0771956 93.426 0.00976787 359.139 0.0213849 72.3461 0.0106037 136.571 0.0087114 230.638 0.0161326 310.362 0.00996913 310.078 0.00848871 120.317 0.00905895 240.965 0.00127973 337.29  
83 0.614715 214.141 0.165215 26.0174 0.0996173 239.742 0.0543611 288.952 0.0565041 71.629 0.0773414 95.1619 0.00978728 1.16044 0.0214073 73.9249 0.0105799 136.79 0.00873168 230.289 0.0174578 311.939 0.0102419 311.963 0.00905399 120.893 0.00867334 242.566 0.00146879 332.202  
84 0.615002 214.441 0.165159 26.3121 0.0997059 240.031 0.0543376 289.294 0.0564884 71.7442 0.0773578 95.3099 0.00978942 1.33474 0.0214096 74.0588 0.0105775 136.809 0.00873361 230.256 0.0176222 311.954 0.0102717 312.146 0.00913406 120.91 0.00864615 242.699 0.00148469 331.822  
85 0.616951 214.949 0.165439 26.8361 0.10008 240.51 0.0544507 289.905 0.0564948 71.938 0.0774334 95.5779 0.00979567 1.62964 0.0214302 74.2987 0.010574 136.839 0.00873271 230.237 0.0179914 312.039 0.010324 312.556 0.00930495 121.066 0.00860857 243.131 0.00151072 330.708  
86 0.616202 214.673 0.165365 26.5565 0.0999239 240.248 0.054421 289.58 0.0564985 71.832 0.0774021 95.4349 0.00979278 1.46834 0.0214226 74.1708 0.010576 136.822 0.00873228 230.255 0.0178059 312.014 0.0102952 312.352 0.00921703 121.012 0.00863047 242.941 0.00149622 331.203  
87 0.619075 215.467 0.165757 27.3733 0.100483 240.998 0.0545797 290.53 0.0565045 72.1366 0.0775159 95.8529 0.00980256 1.93204 0.0214529 74.5446 0.0105704 136.87 0.00873147 230.219 0.018378 312.114 0.0103796 312.98 0.00948437 121.214 0.00857108 243.586 0.00153803 329.57  
88 0.617922 215.222 0.165569 27.117 0.10027 240.769 0.0545035 290.231 0.0564965 72.0429 0.0774719 95.7209 0.00979902 1.78934 0.0214405 74.4266 0.010572 136.856 0.00873248 230.224 0.0181875 312.072 0.010353 312.771 0.00939672 121.133 0.00858803 243.35 0.00152512 330.151  
89 0.619721 215.739 0.165808 27.6471 0.100621 241.258 0.054599 290.847 0.0564987 72.2417 0.0775445 95.9919 0.00980546 2.09194 0.0214595 74.6695 0.0105683 136.888 0.00873222 230.198 0.0185582 312.118 0.0104096 313.172 0.00957144 121.241 0.00854917 243.755 0.00155287 329.145  
90 0.621267 215.933 0.166115 27.8609 0.100888 241.436 0.0547246 291.098 0.0565195 72.3155 0.0776 96.1029 0.00980943 2.20474 0.0214767 74.7685 0.0105672 136.898 0.00872962 230.21 0.0187423 312.182 0.0104315 313.377 0.00965285 121.353 0.00853904 244.032 0.00156319 328.495  
91 0.622614 216.17 0.166354 28.1123 0.101128 241.656 0.0548221 291.39 0.0565323 72.4064 0.0776505 96.2329 0.00981341 2.34344 0.0214914 74.8844 0.0105657 136.912 0.00872803 230.21 0.01894 312.225 0.0104586 313.592 0.00974332 121.437 0.00852404 244.292 0.00157622 327.889  
92 0.623763 216.409 0.166544 28.363 0.101339 241.881 0.0548988 291.682 0.0565404 72.4989 0.077695 96.3629 0.00981712 2.48444 0.021504 75.0004 0.010564 136.926 0.00872706 230.205 0.0191299 312.251 0.0104865 313.795 0.00983167 121.498 0.00850777 244.522 0.00158965 327.355  
93 0.625096 216.648 0.16678 28.6161 0.101579 242.103 0.0549946 291.976 0.0565528 72.5911 0.0777457 96.4939 0.0098212 2.62524 0.0215187 75.1173 0.0105624 136.94 0.00872558 230.205 0.0193294 312.285 0.0105148 314.009 0.0099237 121.571 0.00849262 244.777 0.00160322 326.774  
94 0.626725 216.853 0.167104 28.8422 0.10186 242.292 0.0551268 292.239 0.0565743 72.6705 0.077805 96.6119 0.00982559 2.74654 0.0215368 75.2223 0.0105613 136.952 0.00872293 230.216 0.0195265 312.339 0.0105397 314.222 0.0100118 121.672 0.0084822 245.067 0.00161518 326.131  
95 0.627774 217.082 0.167273 29.081 0.102054 242.507 0.0551947 292.516 0.0565808 72.7596 0.0778467 96.7349 0.00982921 2.88264 0.0215483 75.3332 0.0105596 136.965 0.00872221 230.21 0.0197074 312.35 0.0105678 314.412 0.0100971 121.713 0.00846656 245.277 0.00162859 325.666  
96 0.629493 217.257 0.167615 29.2832 0.102346 242.665 0.0553409 292.756 0.0566021 72.8254 0.0779025 96.8419 0.00983195 2.98474 0.0215665 75.4262 0.0105589 136.975 0.00871854 230.233 0.0198611 312.455 0.0105797 314.627 0.0101635 121.845 0.00845641 245.61 0.00163886 325.009  
97 0.630867 217.472 0.167849 29.5208 0.102591 242.864 0.0554441 293.037 0.0566109 72.907 0.0779471 96.9649 0.00983391 3.11144 0.0215805 75.5342 0.0105576 136.987 0.00871611 230.244 0.02001 312.543 0.0105935 314.849 0.0102314 121.943 0.00843962 245.915 0.00165149 324.437  
98 0.632545 217.679 0.168161 29.7555 0.102882 243.053 0.0555803 293.315 0.0566267 72.9852 0.0780007 97.0879 0.00983622 3.23334 0.0215977 75.6422 0.0105566 136.999 0.00871273 230.263 0.0201672 312.65 0.0106058 315.085 0.010301 122.068 0.00842519 246.266 0.00166398 323.786  
99 0.63455 217.837 0.168576 29.9488 0.103218 243.193 0.0557593 293.545 0.0566535 73.0449 0.0780635 97.1919 0.00983877 3.32684 0.0216188 75.7322 0.010556 137.007 0.00870797 230.298 0.0203154 312.786 0.0106127 315.314 0.0103626 122.23 0.00841743 246.653 0.00167413 323.07  
100 0.636634 218.04 0.168989 30.1876 0.103572 243.376 0.0559385 293.829 0.0566777 73.1223 0.0781295 97.3189 0.00984157 3.44774 0.0216406 75.8422 0.0105551 137.018 0.00870339 230.328 0.0204872 312.92 0.0106237 315.575 0.0104365 122.389 0.00840559 247.07 0.00168726 322.318  
101 0.638335 218.288 0.169288 30.4636 0.103872 243.605 0.0560702 294.153 0.0566897 73.2178 0.0781853 97.4639 0.00984414 3.59624 0.0216578 75.9692 0.0105537 137.032 0.00870037 230.342 0.0206659 313.013 0.0106411 315.837 0.0105182 122.496 0.00838759 247.441 0.00170303 321.674  
102 0.640135 218.477 0.169641 30.6824 0.10418 243.775 0.0562235 294.412 0.0567091 73.2903 0.078243 97.5799 0.00984667 3.70944 0.0216765 76.0712 0.0105528 137.043 0.00869658 230.366 0.0208213 313.121 0.0106527 316.069 0.010586 122.623 0.00837649 247.806 0.00171567 321.04  
103 0.642182 218.629 0.17007 30.8712 0.104522 243.91 0.0564088 294.635 0.0567367 73.3494 0.0783073 97.6829 0.00984937 3.80224 0.0216981 76.1602 0.0105523 137.051 0.00869178 230.401 0.0209697 313.251 0.01066 316.297 0.0106476 122.781 0.0083704 248.199 0.00172677 320.359  
104 0.643689 218.811 0.170353 31.0779 0.104782 244.076 0.0565328 294.878 0.0567506 73.42 0.0783564 97.7919 0.00985163 3.91234 0.0217136 76.2562 0.0105513 137.061 0.00868886 230.418 0.0211116 313.332 0.0106727 316.505 0.0107112 122.876 0.00835898 248.513 0.0017392 319.837  
105 0.645983 218.913 0.170866 31.2219 0.105155 244.161 0.0567534 295.05 0.0567874 73.4602 0.0784273 97.8739 0.00985445 3.97634 0.021738 76.3252 0.0105513 137.065 0.00868296 230.465 0.0212459 313.49 0.0106741 316.72 0.0107623 123.07 0.00835975 248.93 0.00174817 319.121  
106 0.647974 219.062 0.171284 31.4051 0.105486 244.292 0.0569344 295.266 0.0568138 73.5186 0.0784902 97.9739 0.00985715 4.06794 0.021759 76.4122 0.0105508 137.073 0.00867837 230.498 0.0213905 313.613 0.0106817 316.94 0.0108224 123.219 0.00835456 249.313 0.00175975 318.487  
107 0.650233 219.198 0.171774 31.5812 0.105859 244.409 0.0571459 295.474 0.0568465 73.5725 0.0785609 98.0719 0.0098601 4.15294 0.0217829 76.4972 0.0105505 137.08 0.00867292 230.54 0.0215393 313.758 0.010687 317.171 0.010882 123.398 0.00835228 249.737 0.00177127 317.789  
108 0.652579 219.305 0.172297 31.7308 0.106241 244.498 0.0573719 295.651 0.0568836 73.6156 0.0786336 98.1569 0.00986305 4.22144 0.0218078 76.5703 0.0105504 137.085 0.008667 230.587 0.0216774 313.917 0.010689 317.391 0.0109346 123.594 0.0083537 250.165 0.00178152 317.085  
109 0.654415 219.457 0.172676 31.9144 0.10655 244.634 0.0575368 295.867 0.0569061 73.6763 0.0786924 98.2569 0.00986567 4.31644 0.021827 76.6573 0.0105498 137.093 0.00866299 230.615 0.0218183 314.023 0.0106981 317.603 0.0109943 123.723 0.00834809 250.525 0.00179386 316.523  
110 0.656924 219.525 0.173258 32.0282 0.106952 244.684 0.0577877 296.002 0.0569496 73.7047 0.0787689 98.3249 0.00986864 4.36224 0.0218538 76.7153 0.0105501 137.095 0.00865632 230.671 0.021943 314.205 0.0106949 317.81 0.0110374 123.949 0.00835503 250.968 0.00180262 315.802  
111 0.65945 219.633 0.173826 32.1823 0.107362 244.773 0.0580332 296.184 0.0569895 73.7495 0.0788472 98.4139 0.00987184 4.43334 0.0218805 76.7914 0.0105501 137.1 0.00864999 230.722 0.0220879 314.377 0.0106964 318.042 0.0110917 124.163 0.00835826 251.427 0.0018142 315.076  
112 0.661475 219.763 0.174262 32.3476 0.107698 244.886 0.0582227 296.378 0.0570174 73.8025 0.078911 98.5069 0.00987461 4.51674 0.0219017 76.8714 0.0105497 137.107 0.00864532 230.757 0.0222248 314.501 0.0107025 318.252 0.0111471 124.316 0.00835678 251.811 0.00182632 314.494  
113 0.66419 219.802 0.174908 32.4369 0.108129 244.908 0.0585013 296.485 0.0570671 73.8207 0.0789929 98.5639 0.00987771 4.54674 0.0219308 76.9195 0.0105503 137.107 0.00863791 230.822 0.0223416 314.71 0.0106947 318.455 0.0111831 124.579 0.00836891 252.277 0.00183469 313.748  
114 0.66666 219.891 0.175472 32.5704 0.10853 244.979 0.0587456 296.642 0.0571072 73.8586 0.0790689 98.6429 0.00988079 4.60714 0.0219569 76.9865 0.0105504 137.111 0.00863168 230.874 0.022474 314.883 0.0106939 318.671 0.0112307 124.795 0.00837488 252.721 0.00184586 313.071  
115 0.669422 219.962 0.176115 32.6912 0.108973 245.03 0.0590242 296.784 0.0571546 73.89 0.079153 98.7169 0.0098841 4.65734 0.021986 77.0486 0.0105508 137.114 0.00862449 230.935 0.022607 315.088 0.0106895 318.895 0.0112753 125.052 0.00838493 253.206 0.00185692 312.327  
116 0.67458 220.093 0.177317 32.9155 0.109801 245.126 0.0595458 297.049 0.0572426 73.949 0.0793099 98.8549 0.00989031 4.75174 0.0220405 77.1657 0.0105514 137.118 0.00861117 231.049 0.0228537 315.471 0.0106806 319.311 0.0113573 125.534 0.00840501 254.113 0.00187842 310.967  
117 0.672256 220.003 0.176789 32.7841 0.109424 245.053 0.0593162 296.895 0.0572059 73.9099 0.0792383 98.7769 0.00988736 4.68984 0.0220161 77.0997 0.0105514 137.114 0.00861688 231.002 0.0227272 315.309 0.0106808 319.105 0.0113116 125.331 0.0083989 253.694 0.00186667 311.578  
118 0.677379 220.102 0.177983 32.9804 0.110246 245.117 0.059841 297.13 0.0572921 73.957 0.0793892 98.9029 0.00989223 4.76764 0.0220697 77.2048 0.0105523 137.117 0.00860299 231.124 0.0229362 315.725 0.0106604 319.509 0.0113719 125.853 0.00842072 254.618 0.00188695 310.224  
119 0.68013 220.148 0.178605 33.0841 0.110693 245.143 0.0601257 297.259 0.0573326 73.9799 0.0794637 98.9739 0.00989292 4.80874 0.0220974 77.2629 0.0105529 137.118 0.00859475 231.198 0.0230114 315.99 0.010636 319.734 0.011382 126.185 0.00843048 255.175 0.00189824 309.474  
120 0.682287 220.222 0.179086 33.206 0.111048 245.199 0.0603506 297.402 0.057358 74.0177 0.0795222 99.0569 0.00989296 4.87214 0.0221186 77.3319 0.0105529 137.123 0.00858851 231.252 0.0231148 316.197 0.0106153 319.978 0.0114115 126.484 0.00843718 255.651 0.00190967 308.88  
121 0.712935 219.98 0.186857 33.6676 0.115919 244.722 0.0639493 297.843 0.0578441 74.1277 0.0803149 99.645 0.00988702 5.04616 0.0224175 77.8042 0.0105615 137.106 0.00849375 232.173 0.0243977 320.139 0.0100327 323.552 0.0116842 132.66 0.00878141 261.805 0.002003 301.17  
122 0.706849 220.124 0.185243 33.6713 0.114963 244.912 0.0632014 297.873 0.0577377 74.1366 0.0801625 99.574 0.00988884 5.06866 0.0223588 77.7489 0.010559 137.115 0.00851284 231.977 0.0241696 319.238 0.0101781 322.809 0.0116446 131.235 0.00869073 260.647 0.00198894 302.621  
123 0.709968 220.037 0.186078 33.6568 0.115451 244.802 0.0635872 297.842 0.0577935 74.1269 0.0802405 99.604 0.0098879 5.04936 0.022389 77.7721 0.0105604 137.109 0.00850295 232.079 0.0242854 319.699 0.0101029 323.182 0.0116637 131.969 0.00873837 261.235 0.00199518 301.871  
124 0.704537 220.06 0.184708 33.5538 0.114582 244.867 0.0629469 297.742 0.05771 74.095 0.0801015 99.487 0.00988923 5.00436 0.0223366 77.6758 0.010559 137.111 0.0085194 231.917 0.0240654 318.945 0.0102156 322.502 0.0116175 130.81 0.00867394 260.136 0.00197571 303.169  
125 0.695592 220.223 0.182379 33.5106 0.113174 245.097 0.0618713 297.724 0.0575585 74.0958 0.0798727 99.3599 0.00989127 5.00835 0.0222493 77.5774 0.0105557 137.122 0.00854754 231.637 0.023709 317.738 0.0104029 321.471 0.0115504 128.897 0.00855811 258.39 0.00195391 305.395  
126 0.692786 220.233 0.181675 33.4566 0.112726 245.129 0.061546 297.67 0.0575152 74.082 0.0797994 99.3009 0.00989174 4.98535 0.0222219 77.5293 0.0105551 137.123 0.00855618 231.554 0.0235885 317.392 0.0104525 321.149 0.0115239 128.357 0.00852939 257.818 0.0019448 306.11  
127 0.6902 220.232 0.181035 33.396 0.112313 245.148 0.0612498 297.606 0.0574765 74.0656 0.0797315 99.2409 0.0098921 4.95775 0.0221966 77.4802 0.0105545 137.123 0.00856411 231.479 0.0234744 317.085 0.0104951 320.854 0.0114976 127.88 0.00850527 257.284 0.00193587 306.778  
128 0.687515 220.221 0.180378 33.3244 0.111882 245.158 0.0609453 297.528 0.057437 74.046 0.0796605 99.1749 0.00989241 4.92425 0.0221702 77.4271 0.010554 137.122 0.00857231 231.403 0.0233531 316.777 0.0105367 320.551 0.0114685 127.401 0.00848232 256.726 0.00192627 307.482  
129 0.685008 220.194 0.179776 33.2402 0.111478 245.151 0.0606662 297.435 0.0574021 74.0218 0.0795939 99.1049 0.00989265 4.88275 0.0221456 77.369 0.0105537 137.12 0.0085799 231.333 0.023236 316.503 0.0105719 320.266 0.0114387 126.978 0.00846411 256.197 0.00191637 308.149  
130 0.698312 220.201 0.183069 33.551 0.113606 245.054 0.0621906 297.763 0.0576017 74.1054 0.0799431 99.4119 0.00989076 5.02365 0.0222759 77.6185 0.0105565 137.12 0.00853911 231.718 0.0238227 318.086 0.0103515 321.785 0.0115742 129.443 0.00858846 258.937 0.00196217 304.71  
131 0.701306 220.159 0.18384 33.5784 0.114079 244.99 0.0625475 297.784 0.057651 74.11 0.08002 99.461 0.0098901 5.03025 0.0223051 77.6577 0.0105575 137.117 0.00852977 231.811 0.0239438 318.485 0.0102906 322.133 0.0115979 130.071 0.00862536 259.53 0.00197033 303.966  
132 0.716158 219.905 0.187712 33.6677 0.116427 244.623 0.0643468 297.829 0.0579001 74.1247 0.0803951 99.684 0.00988597 5.03546 0.0224486 77.8354 0.0105628 137.101 0.00848372 232.278 0.0245169 320.632 0.00995264 323.961 0.0117054 133.436 0.00883092 262.416 0.00201089 300.416  
133 0.725366 219.643 0.190189 33.6196 0.117871 244.292 0.0655008 297.73 0.0580655 74.1005 0.0806204 99.771 0.00988254 4.97417 0.0225362 77.9028 0.010567 137.083 0.00845504 232.583 0.0248464 322.113 0.00970608 325.175 0.0117637 135.78 0.00898551 264.108 0.00203125 298.307  
134 0.722242 219.769 0.189324 33.6727 0.117386 244.44 0.0650995 297.807 0.0580054 74.1227 0.0805453 99.761 0.00988382 5.01817 0.0225065 77.8956 0.0105653 137.092 0.00846495 232.475 0.02474 321.59 0.00979637 324.763 0.0117465 134.94 0.00892696 263.562 0.00202672 299.023  
135 0.719313 219.814 0.18856 33.6499 0.116921 244.508 0.0647414 297.793 0.057957 74.1154 0.0804727 99.713 0.00988484 5.01376 0.0224787 77.8575 0.0105642 137.095 0.00847384 232.382 0.0246304 321.13 0.00986989 324.366 0.0117248 134.226 0.00888291 262.998 0.00201759 299.685  
136 0.728655 219.546 0.191076 33.6003 0.118387 244.172 0.0659157 297.692 0.0581248 74.0922 0.0806998 99.802 0.00988121 4.95067 0.0225674 77.926 0.0105685 137.077 0.00844488 232.693 0.0249626 322.662 0.00961391 325.63 0.0117858 136.649 0.00904329 264.703 0.00203874 297.571  
137 0.732103 219.411 0.192031 33.5453 0.118925 244.011 0.0663602 297.611 0.0581906 74.0701 0.0807817 99.815 0.0098797 4.90367 0.0225998 77.9352 0.0105704 137.068 0.00843409 232.812 0.02508 323.258 0.0095108 326.112 0.0118074 137.604 0.00910984 265.297 0.00204436 296.798  
138 0.738806 219.15 0.193886 33.4387 0.119969 243.7 0.0672271 297.454 0.0583186 74.0287 0.0809392 99.842 0.0098766 4.81148 0.0226626 77.9536 0.0105741 137.05 0.00841328 233.045 0.0253084 324.441 0.00930505 327.09 0.0118544 139.501 0.00924269 266.435 0.00205583 295.321  
139 0.742037 219.009 0.194791 33.3718 0.120471 243.536 0.0676498 297.36 0.0583821 74.0031 0.081014 99.846 0.00987502 4.75648 0.0226926 77.9547 0.010576 137.041 0.00840325 233.16 0.0254173 325.026 0.0092018 327.578 0.0118786 140.446 0.00931027 266.964 0.00206051 294.615  
140 0.745591 218.844 0.195793 33.2889 0.121022 243.345 0.0681179 297.246 0.0584528 73.9713 0.0810954 99.846 0.00987325 4.68948 0.0227255 77.953 0.0105782 137.029 0.00839223 233.288 0.0255367 325.678 0.0090857 328.128 0.0119071 141.503 0.00938705 267.53 0.00206516 293.842  
141 0.752458 218.492 0.19775 33.0939 0.122084 242.945 0.0690324 296.986 0.0585934 73.8964 0.08125 99.8261 0.0098697 4.53529 0.0227885 77.9314 0.0105828 137.005 0.00837094 233.539 0.0257667 326.961 0.00885397 329.229 0.0119683 143.598 0.00954284 268.576 0.00207217 292.353  
142 0.755732 218.314 0.198691 32.9895 0.122588 242.743 0.0694716 296.85 0.0586616 73.8562 0.0813226 99.8091 0.00986796 4.45339 0.0228184 77.9156 0.0105851 136.992 0.00836084 233.661 0.0258769 327.579 0.00874105 329.774 0.0120011 144.614 0.00961979 269.053 0.00207492 291.646  
143 0.74888 218.681 0.196727 33.2014 0.121532 243.159 0.0685543 297.128 0.0585195 73.9378 0.0811699 99.8401 0.00987156 4.61978 0.0227557 77.9452 0.0105804 137.018 0.00838203 233.407 0.0256469 326.289 0.00897585 328.649 0.0119354 142.498 0.00946043 268.04 0.00206886 293.128  
144 0.735264 219.293 0.192902 33.5002 0.119418 243.87 0.0667672 297.543 0.0582505 74.0525 0.0808564 99.831 0.00987827 4.86377 0.0226295 77.9464 0.0105721 137.06 0.00842428 232.921 0.0251883 323.81 0.00941523 326.568 0.0118291 138.488 0.0091712 265.841 0.00205005 296.1  
145 0.759321 218.113 0.199725 32.8703 0.123141 242.518 0.0699548 296.695 0.058737 73.8101 0.0814016 99.7881 0.00986605 4.35959 0.022851 77.8948 0.0105876 136.978 0.0083498 233.795 0.025999 328.261 0.00861605 330.388 0.0120403 145.735 0.00970578 269.564 0.00207774 290.875  
146 0.762712 217.891 0.200722 32.7234 0.123659 242.272 0.0704186 296.51 0.058812 73.7522 0.0814747 99.7491 0.00986427 4.24739 0.0228816 77.86 0.0105903 136.962 0.00833928 233.925 0.0261124 328.907 0.00849451 330.972 0.0120793 146.815 0.00979177 270.01 0.00207813 290.133  
147 0.766127 217.676 0.201721 32.5843 0.124181 242.034 0.0708841 296.334 0.0588866 73.6974 0.0815479 99.7141 0.00986247 4.1392 0.0229122 77.8273 0.010593 136.947 0.00832881 234.056 0.0262294 329.558 0.00837277 331.581 0.0121225 147.898 0.00987802 270.455 0.00207929 289.394  
148 0.769698 217.428 0.20278 32.4151 0.124725 241.763 0.0713758 296.123 0.0589672 73.6297 0.0816235 99.6631 0.00986065 4.0092 0.0229442 77.7815 0.010596 136.928 0.00831782 234.195 0.0263514 330.235 0.00824372 332.226 0.0121708 149.038 0.00997169 270.891 0.00207898 288.611  
149 0.773151 217.16 0.20382 32.2224 0.125245 241.474 0.0718567 295.887 0.0590484 73.5514 0.0816951 99.5961 0.00985898 3.8627 0.0229749 77.7218 0.0105991 136.908 0.00830715 234.333 0.0264686 330.883 0.00811745 332.853 0.0122205 150.144 0.0100659 271.277 0.00207679 287.839  
150 0.776227 216.956 0.204726 32.0845 0.125715 241.249 0.0722787 295.716 0.0591171 73.4959 0.0817597 99.5551 0.00985747 3.75391 0.0230021 77.685 0.0106016 136.893 0.00829787 234.453 0.0265782 331.462 0.00800765 333.444 0.0122693 151.113 0.0101465 271.642 0.00207733 287.173  
151 0.779485 216.699 0.205709 31.897 0.126205 240.972 0.072733 295.489 0.0591943 73.4186 0.0818264 99.4871 0.00985601 3.60961 0.0230308 77.6252 0.0106046 136.874 0.00828793 234.583 0.0266919 332.062 0.00788965 334.062 0.012323 152.142 0.0102367 271.98 0.00207513 286.444  
152 0.781662 216.358 0.206537 31.6029 0.126481 240.615 0.0730904 295.118 0.0592558 73.2647 0.0818871 99.3312 0.00985533 3.40511 0.0230529 77.4794 0.0106074 136.845 0.00828 234.684 0.0268444 331.851 0.00787131 334.317 0.0124253 152.27 0.0103385 271.991 0.00206253 285.664  
153 0.784361 215.994 0.207544 31.2987 0.126827 240.228 0.0735278 294.722 0.0593236 73.0938 0.081968 99.1692 0.0098544 3.19271 0.0230809 77.3227 0.0106101 136.814 0.0082704 234.801 0.0270582 331.488 0.00786639 334.651 0.0125676 152.292 0.010463 272.042 0.00205148 284.695  
154 0.786274 215.625 0.208338 30.9702 0.127048 239.844 0.073863 294.308 0.0593824 72.9158 0.0820272 98.9842 0.00985424 2.96522 0.0231014 77.1499 0.0106128 136.782 0.00826309 234.893 0.0272196 331.067 0.00787475 334.788 0.0126808 152.178 0.0105677 271.952 0.0020361 283.88  
155 0.788634 215.246 0.209262 30.6424 0.127339 239.446 0.0742589 293.891 0.0594482 72.7342 0.0820987 98.8022 0.00985395 2.73482 0.0231262 76.9772 0.0106156 136.749 0.00825457 235 0.0274109 330.661 0.00787826 335.011 0.0128106 152.116 0.0106847 271.918 0.00202264 282.953  
156 0.790888 214.847 0.210169 30.2907 0.127608 239.029 0.0746449 293.449 0.059515 72.5409 0.0821676 98.6042 0.00985404 2.48712 0.0231499 76.7894 0.0106186 136.714 0.00824636 235.105 0.0275964 330.218 0.00788652 335.179 0.012938 152.006 0.0108012 271.837 0.0020074 282.016  
157 0.79286 214.458 0.21099 29.9433 0.127835 238.626 0.0749906 293.017 0.0595777 72.3515 0.0822285 98.4052 0.00985448 2.24223 0.0231707 76.6026 0.0106215 136.681 0.00823909 235.199 0.0277615 329.772 0.00789881 335.277 0.0130529 151.856 0.0109079 271.718 0.00199158 281.145  
158 0.797037 213.705 0.212674 29.2765 0.12833 237.839 0.0757064 292.187 0.0597048 71.9832 0.0823561 98.0212 0.00985567 1.76613 0.0232144 76.2431 0.0106271 136.615 0.0082243 235.392 0.0281034 328.93 0.00792019 335.516 0.0132864 151.597 0.011122 271.525 0.00196343 279.356  
159 0.794928 214.071 0.211834 29.5989 0.128077 238.222 0.0753483 292.588 0.0596418 72.1623 0.0822919 98.2072 0.00985506 1.99753 0.0231925 76.4179 0.0106244 136.647 0.00823166 235.296 0.0279323 329.335 0.0079105 335.387 0.0131704 151.714 0.0110163 271.609 0.00197657 280.246  
160 0.799926 212.958 0.213994 28.5849 0.128624 237.074 0.0762474 291.347 0.0598168 71.6128 0.0824483 97.6132 0.00985855 1.27664 0.0232456 75.8655 0.0106325 136.55 0.00821343 235.541 0.0283585 328.013 0.00796365 335.41 0.0134699 151.118 0.011298 271.126 0.00192919 277.818  
161 0.79825 213.317 0.213282 28.9104 0.128437 237.445 0.0759496 291.745 0.0597592 71.79 0.0823961 97.8042 0.00985729 1.50943 0.023228 76.0433 0.0106299 136.581 0.0082194 235.461 0.0282173 328.435 0.00794662 335.399 0.0133716 151.307 0.0112062 271.277 0.00194391 278.622  
162 0.804833 211.799 0.216147 27.5186 0.129148 235.883 0.0771364 290.058 0.0599988 71.0364 0.0826032 96.9793 0.00986424 0.512543 0.0232979 75.2781 0.010641 136.45 0.00819605 235.782 0.0287792 326.611 0.00803233 335.251 0.0137656 150.382 0.0115753 270.541 0.00187972 275.282  
163 0.803264 212.161 0.215466 27.8513 0.128979 236.255 0.0768547 290.46 0.059941 71.2168 0.0825539 97.1773 0.00986228 0.752141 0.0232813 75.4619 0.0106383 136.481 0.00820149 235.706 0.0286457 327.048 0.0080104 335.305 0.0136725 150.614 0.0114886 270.723 0.0018948 276.09  
164 0.801843 212.546 0.214808 28.2106 0.128839 236.649 0.0765873 290.891 0.0598832 71.4088 0.0825081 97.3923 0.00986022 1.00784 0.0232659 75.6597 0.0106356 136.514 0.00820669 235.633 0.0285197 327.528 0.00798439 335.407 0.0135818 150.891 0.011402 270.948 0.00191244 276.888  
165 0.805535 211.437 0.216588 27.1663 0.12918 235.52 0.077302 289.644 0.0600457 70.8549 0.0826292 96.7653 0.00986701 0.266145 0.0233065 75.0833 0.0106435 136.419 0.00819302 235.829 0.0288565 326.12 0.00806812 334.987 0.0138277 150.013 0.0116383 270.232 0.00185973 274.652  
166 0.798971 201.551 0.221297 16.9832 0.125929 225.898 0.0783562 277.993 0.0609844 66.0524 0.0827146 90.6374 0.00999903 353.599 0.0233036 69.5405 0.010698 135.69 0.00818931 236.245 0.0288934 310.238 0.0096129 322.178 0.0147218 134.037 0.0126353 258.239 0.00118139 259.563  
167 0.800689 201.705 0.221684 17.1702 0.126232 226.033 0.0785457 278.197 0.0609964 66.1193 0.0827568 90.7454 0.00999734 353.696 0.023318 69.6345 0.0106974 135.697 0.0081855 236.281 0.0290529 310.576 0.00958482 322.573 0.0147833 134.468 0.012655 258.592 0.00120175 259.481  
168 0.80165 201.92 0.221811 17.4055 0.126431 226.235 0.0786256 278.463 0.0609898 66.2171 0.0827754 90.8814 0.00999407 353.833 0.0233253 69.7585 0.0106966 135.71 0.00818352 236.296 0.0291287 311.003 0.00954485 322.951 0.0147936 134.958 0.0126502 258.939 0.00122122 259.716  
169 0.803148 202.107 0.222112 17.622 0.126708 226.404 0.0787805 278.702 0.0609946 66.3007 0.0828104 91.0074 0.00999169 353.953 0.0233377 69.8705 0.0106959 135.72 0.00818029 236.325 0.0292628 311.391 0.00951102 323.363 0.0148379 135.433 0.0126612 259.308 0.00124228 259.762  
170 0.804512 202.318 0.222358 17.8603 0.126968 226.598 0.078913 278.968 0.0609948 66.3961 0.0828408 91.1464 0.00998891 354.088 0.0233487 69.9944 0.0106951 135.732 0.00817743 236.349 0.029381 311.817 0.00947285 323.79 0.0148711 135.94 0.0126665 259.69 0.00126398 259.891  
171 0.805653 202.531 0.222538 18.0972 0.127195 226.797 0.0790166 279.234 0.0609912 66.4939 0.0828651 91.2844 0.00998584 354.226 0.0233578 70.1184 0.0106943 135.745 0.00817509 236.368 0.0294763 312.238 0.0094343 324.194 0.0148921 136.435 0.0126663 260.052 0.00128449 260.076  
172 0.807173 202.704 0.222856 18.2998 0.127472 226.953 0.0791773 279.456 0.0609976 66.5718 0.0829016 91.4024 0.00998386 354.338 0.0233705 70.2234 0.0106936 135.754 0.00817186 236.398 0.0296152 312.593 0.00940403 324.6 0.0149415 136.876 0.0126803 260.405 0.00130479 260.091  
173 0.807893 202.933 0.222905 18.5436 0.127637 227.17 0.0792232 279.733 0.0609857 66.678 0.0829137 91.5464 0.00998038 354.486 0.0233757 70.3534 0.0106928 135.768 0.00817055 236.405 0.029666 313.024 0.00936275 324.969 0.0149376 137.362 0.0126685 260.741 0.00132358 260.397  
174 0.809141 203.146 0.223116 18.7817 0.127881 227.368 0.0793404 279.999 0.0609837 66.7762 0.0829414 91.6864 0.00997761 354.625 0.0233857 70.4793 0.010692 135.781 0.00816804 236.425 0.0297729 313.439 0.00932529 325.391 0.0149651 137.855 0.0126712 261.112 0.00134471 260.553  
175 0.810149 203.382 0.223243 19.0393 0.128092 227.591 0.0794217 280.289 0.0609755 66.8864 0.0829616 91.8384 0.00997424 354.779 0.0233936 70.6163 0.0106911 135.795 0.00816613 236.438 0.0298531 313.886 0.00928339 325.81 0.0149756 138.373 0.0126653 261.486 0.00136585 260.807  
176 0.811005 203.617 0.223326 19.2918 0.12828 227.814 0.0794834 280.575 0.0609651 66.9963 0.0829779 91.9874 0.00997086 354.933 0.0234001 70.7512 0.0106902 135.81 0.00816459 236.447 0.0299176 314.323 0.0092419 326.208 0.0149782 138.873 0.012656 261.841 0.00138593 261.085  
177 0.812287 203.813 0.223558 19.5126 0.128524 227.994 0.0796084 280.82 0.0609654 67.0872 0.0830077 92.1184 0.00996848 355.062 0.0234107 70.8682 0.0106894 135.822 0.00816205 236.469 0.0300302 314.699 0.00920859 326.617 0.0150115 139.327 0.012662 262.194 0.00140618 261.194  
178 0.812746 204.058 0.223519 19.7682 0.128653 228.231 0.0796161 281.113 0.0609478 67.2034 0.0830127 92.2704 0.00996481 355.223 0.0234137 71.0061 0.0106885 135.838 0.00816146 236.467 0.0300525 315.138 0.00916487 326.973 0.0149906 139.813 0.0126418 262.522 0.00142451 261.569  
179 0.813722 204.292 0.223636 20.0223 0.128858 228.452 0.079693 281.399 0.0609393 67.3139 0.083033 92.4214 0.00996174 355.378 0.0234214 71.1421 0.0106876 135.852 0.00815972 236.478 0.0301295 315.568 0.00912435 327.389 0.0149999 140.313 0.0126353 262.889 0.00144535 261.812  
180 0.816016 205.579 0.223362 21.383 0.129527 229.689 0.0797387 282.953 0.0608348 67.9328 0.0830521 93.2414 0.00993913 356.241 0.0234364 71.8827 0.0106825 135.94 0.0081555 236.487 0.0301137 317.889 0.00884138 329.443 0.014843 142.94 0.0125365 264.735 0.00154305 263.594  
181 0.815768 205.303 0.223499 21.0896 0.129418 229.423 0.0797545 282.618 0.0608638 67.7984 0.0830565 93.0634 0.00994518 356.052 0.0234354 71.7228 0.0106836 135.92 0.0081563 236.485 0.0301727 317.382 0.00891668 328.982 0.0148998 142.361 0.0125607 264.327 0.00152312 263.2  
182 0.815944 205.025 0.223757 20.8044 0.129375 229.152 0.0798267 282.287 0.0608988 67.6635 0.0830729 92.8894 0.00995123 355.865 0.0234383 71.5659 0.0106848 135.9 0.00815606 236.495 0.0302693 316.885 0.0089904 328.596 0.0149783 141.816 0.0125961 263.967 0.00150581 262.708  
183 0.814448 204.549 0.223665 20.2946 0.12903 228.698 0.0797323 281.709 0.0609247 67.4361 0.0830455 92.5844 0.00995817 355.547 0.0234268 71.29 0.0106866 135.869 0.0081586 236.482 0.030178 316.029 0.00907939 327.796 0.0149911 140.833 0.0126199 263.257 0.00146614 262.145  
184 0.815033 204.802 0.223655 20.5605 0.12918 228.942 0.0797537 282.013 0.0609083 67.557 0.0830545 92.7434 0.0099546 355.715 0.0234311 71.4339 0.0106856 135.886 0.00815783 236.482 0.0302119 316.477 0.00903496 328.179 0.0149751 141.335 0.0126013 263.606 0.00148585 262.495  
185 0.815185 207.362 0.221957 23.2075 0.129806 231.432 0.0793335 285.029 0.0606183 68.8146 0.0829792 94.3564 0.00990989 357.476 0.0234185 72.8871 0.0106715 136.079 0.00815881 236.382 0.0298479 320.612 0.00852342 331.808 0.0145889 145.659 0.0123402 266.816 0.00165211 266.663  
186 0.815131 207.659 0.221748 23.5128 0.129865 231.722 0.0792757 285.376 0.0605839 68.9628 0.0829702 94.5434 0.0099055 357.683 0.0234161 73.055 0.0106697 136.102 0.0081593 236.364 0.0298148 321.062 0.00847444 332.211 0.014554 146.102 0.0123088 267.167 0.00167093 267.139  
187 0.815522 207.059 0.222248 22.9033 0.129791 231.134 0.0794292 284.681 0.0606573 68.6641 0.0829959 94.1704 0.00991428 357.266 0.0234233 72.7182 0.0106735 136.055 0.0081576 236.407 0.0298994 320.172 0.00856963 331.455 0.014634 145.247 0.0123789 266.497 0.00163486 266.112  
188 0.815853 206.745 0.222543 22.5861 0.129772 230.824 0.0795254 284.32 0.0606978 68.5078 0.0830132 93.9764 0.00991899 357.048 0.0234281 72.5433 0.0106755 136.03 0.00815645 236.433 0.0299521 319.712 0.00861912 331.079 0.0146807 144.811 0.0124182 266.162 0.00161683 265.537  
189 0.81568 206.461 0.222682 22.2889 0.12968 230.55 0.0795493 283.984 0.0607281 68.3674 0.0830165 93.7944 0.00992375 356.85 0.0234282 72.3804 0.0106772 136.008 0.00815669 236.441 0.0299715 319.264 0.00867264 330.643 0.0147082 144.343 0.0124415 265.792 0.00159752 265.116  
190 0.815949 205.881 0.223133 21.6949 0.129589 229.983 0.079679 283.31 0.0607988 68.0808 0.08304 93.4314 0.00993328 356.448 0.0234342 72.0536 0.0106809 135.962 0.00815566 236.475 0.0300505 318.388 0.00877467 329.872 0.0147861 143.47 0.0125039 265.117 0.00156224 264.103  
191 0.81555 206.194 0.222821 22.0097 0.129597 230.291 0.0795759 283.669 0.0607571 68.2355 0.0830206 93.6234 0.00992822 356.664 0.0234287 72.2275 0.0106789 135.987 0.00815687 236.449 0.0299923 318.844 0.0087234 330.238 0.0147358 143.905 0.0124641 265.446 0.00157956 264.709  
192 0.812648 208.979 0.220196 24.814 0.129765 233.037 0.0787135 286.878 0.0604033 69.6233 0.0828724 95.3393 0.00988908 358.594 0.0233859 73.7775 0.0106608 136.211 0.00816795 236.212 0.0295328 322.9 0.00830432 333.478 0.0143289 147.68 0.0121066 268.392 0.00174083 269.674  
193 0.813816 208 0.221165 23.8344 0.129732 232.069 0.0790425 285.752 0.060528 69.1335 0.0829269 94.7393 0.00990148 357.916 0.0234022 73.2348 0.0106672 136.131 0.00816324 236.305 0.0296998 321.494 0.0084396 332.405 0.0144733 146.416 0.0122402 267.393 0.00168458 267.951  
194 0.813839 208.309 0.220967 24.1521 0.129805 232.37 0.0789913 286.113 0.0604937 69.2875 0.0829198 94.9343 0.00989716 358.131 0.0234006 73.4097 0.0106653 136.156 0.00816364 236.288 0.0296711 321.964 0.0083897 332.831 0.0144404 146.878 0.0122087 267.764 0.0017047 268.415  
195 0.813303 208.651 0.220594 24.492 0.129796 232.71 0.0788595 286.505 0.0604484 69.4589 0.0828975 95.1423 0.0098929 358.368 0.0233937 73.5986 0.010663 136.184 0.00816562 236.252 0.0296049 322.448 0.00834439 333.18 0.0143858 147.301 0.0121588 268.097 0.00172357 269.045  
196 0.812256 209.302 0.219875 25.1365 0.129775 233.357 0.0786028 287.25 0.0603626 69.7853 0.0828546 95.5363 0.00988529 358.818 0.0233804 73.9563 0.0106586 136.238 0.00816961 236.181 0.029478 323.362 0.00826192 333.821 0.0142816 148.086 0.0120614 268.717 0.00175948 270.231  
197 0.810687 209.669 0.2192 25.4768 0.129608 233.733 0.0783266 287.653 0.0603019 69.969 0.0828045 95.7423 0.00988197 359.066 0.023364 74.1461 0.0106559 136.269 0.00817457 236.109 0.0293452 323.811 0.00823237 333.953 0.0141899 148.371 0.0119799 268.926 0.00177382 271.099  
198 0.810508 209.989 0.218935 25.8006 0.12965 234.048 0.0782428 288.025 0.0602646 70.13 0.0827928 95.9413 0.00987839 359.289 0.0233606 74.326 0.0106538 136.295 0.00817578 236.083 0.0293044 324.28 0.00818914 334.326 0.0141504 148.794 0.0119392 269.274 0.00179376 271.594  
199 0.808327 210.708 0.217851 26.4856 0.129463 234.775 0.0778159 288.832 0.060159 70.4902 0.0827191 96.3563 0.00987215 359.777 0.0233364 74.7057 0.0106488 136.356 0.00818343 235.967 0.0291006 325.213 0.0081227 334.74 0.0140007 149.455 0.0117991 269.796 0.00182793 273.065  
200 0.807447 211.067 0.217366 26.8328 0.129402 235.137 0.0776291 289.24 0.0601094 70.6707 0.0826881 96.5673 0.00986916 0.0220475 0.0233263 74.8985 0.0106463 136.387 0.00818678 235.915 0.0290122 325.693 0.00808779 334.981 0.013933 149.809 0.0117334 270.083 0.0018465 273.745  
201 0.809275 210.343 0.218359 26.1349 0.129533 234.408 0.078012 288.42 0.0602104 70.3074 0.0827522 96.1433 0.00987534 359.529 0.0233472 74.5118 0.0106513 136.326 0.00817993 236.021 0.029194 324.73 0.00815826 334.5 0.0140713 149.099 0.0118664 269.51 0.00180958 272.357  
